C:\Program Files\Microsoft Visual Studio\2022\Professional\MSBuild\Microsoft\VC\v170\Microsoft.CppBuild.targets(531,5): warning MSB8028: 중간 디렉터리(Debug\)에 다른 프로젝트(PrjClient.vcxproj)에서 공유하는 파일이 포함되어 있습니다.  이로 인해 잘못된 정리 및 다시 빌드 동작이 수행될 수 있습니다.
  PrjServer.cpp
D:\UOU\3-2\네트워크소프트웨어개발\프로젝트\network-programming\PrjServer\PrjServer.cpp(153,22): warning C4018: '<': signed 또는 unsigned가 일치하지 않습니다.
D:\UOU\3-2\네트워크소프트웨어개발\프로젝트\network-programming\PrjServer\PrjServer.cpp(222,5): warning C4996: 'strcat': This function or variable may be unsafe. Consider using strcat_s instead. To disable deprecation, use _CRT_SECURE_NO_WARNINGS. See online help for details.
D:\UOU\3-2\네트워크소프트웨어개발\프로젝트\network-programming\PrjServer\PrjServer.cpp(223,5): warning C4996: 'strcat': This function or variable may be unsafe. Consider using strcat_s instead. To disable deprecation, use _CRT_SECURE_NO_WARNINGS. See online help for details.
D:\UOU\3-2\네트워크소프트웨어개발\프로젝트\network-programming\PrjServer\PrjServer.cpp(277,36): warning C4996: 'itoa': The POSIX name for this item is deprecated. Instead, use the ISO C and C++ conformant name: _itoa. See online help for details.
D:\UOU\3-2\네트워크소프트웨어개발\프로젝트\network-programming\PrjServer\PrjServer.cpp(285,34): warning C4996: 'inet_ntoa': Use inet_ntop() or InetNtop() instead or define _WINSOCK_DEPRECATED_NO_WARNINGS to disable deprecated API warnings
D:\UOU\3-2\네트워크소프트웨어개발\프로젝트\network-programming\PrjServer\PrjServer.cpp(286,36): warning C4996: 'itoa': The POSIX name for this item is deprecated. Instead, use the ISO C and C++ conformant name: _itoa. See online help for details.
D:\UOU\3-2\네트워크소프트웨어개발\프로젝트\network-programming\PrjServer\PrjServer.cpp(297,35): warning C4996: 'itoa': The POSIX name for this item is deprecated. Instead, use the ISO C and C++ conformant name: _itoa. See online help for details.
D:\UOU\3-2\네트워크소프트웨어개발\프로젝트\network-programming\PrjServer\PrjServer.cpp(300,34): warning C4996: 'inet_ntoa': Use inet_ntop() or InetNtop() instead or define _WINSOCK_DEPRECATED_NO_WARNINGS to disable deprecated API warnings
D:\UOU\3-2\네트워크소프트웨어개발\프로젝트\network-programming\PrjServer\PrjServer.cpp(482,5): warning C4996: 'WSAAddressToStringA': Use WSAAddressToStringW() instead or define _WINSOCK_DEPRECATED_NO_WARNINGS to disable deprecated API warnings
D:\UOU\3-2\네트워크소프트웨어개발\프로젝트\network-programming\PrjServer\PrjServer.cpp(507,19): warning C4996: 'strtok': This function or variable may be unsafe. Consider using strtok_s instead. To disable deprecation, use _CRT_SECURE_NO_WARNINGS. See online help for details.
D:\UOU\3-2\네트워크소프트웨어개발\프로젝트\network-programming\PrjServer\PrjServer.cpp(365,18): warning C4101: 'j' :참조되지 않은 지역 변수입니다.
D:\UOU\3-2\네트워크소프트웨어개발\프로젝트\network-programming\PrjServer\PrjServer.cpp(552,2): warning C4996: 'strcpy': This function or variable may be unsafe. Consider using strcpy_s instead. To disable deprecation, use _CRT_SECURE_NO_WARNINGS. See online help for details.
D:\UOU\3-2\네트워크소프트웨어개발\프로젝트\network-programming\PrjServer\PrjServer.cpp(578,2): warning C4996: 'strcpy': This function or variable may be unsafe. Consider using strcpy_s instead. To disable deprecation, use _CRT_SECURE_NO_WARNINGS. See online help for details.
D:\UOU\3-2\네트워크소프트웨어개발\프로젝트\network-programming\PrjServer\PrjServer.cpp(693,18): warning C4996: 'strtok': This function or variable may be unsafe. Consider using strtok_s instead. To disable deprecation, use _CRT_SECURE_NO_WARNINGS. See online help for details.
D:\UOU\3-2\네트워크소프트웨어개발\프로젝트\network-programming\PrjServer\PrjServer.cpp(805,18): warning C4996: 'strtok': This function or variable may be unsafe. Consider using strtok_s instead. To disable deprecation, use _CRT_SECURE_NO_WARNINGS. See online help for details.
D:\UOU\3-2\네트워크소프트웨어개발\프로젝트\network-programming\PrjServer\PrjServer.cpp(843,2): warning C4996: 'strcpy': This function or variable may be unsafe. Consider using strcpy_s instead. To disable deprecation, use _CRT_SECURE_NO_WARNINGS. See online help for details.
D:\UOU\3-2\네트워크소프트웨어개발\프로젝트\network-programming\PrjServer\PrjServer.cpp(868,2): warning C4996: 'strcpy': This function or variable may be unsafe. Consider using strcpy_s instead. To disable deprecation, use _CRT_SECURE_NO_WARNINGS. See online help for details.
D:\UOU\3-2\네트워크소프트웨어개발\프로젝트\network-programming\PrjServer\PrjServer.cpp(890,2): warning C4996: 'strcpy': This function or variable may be unsafe. Consider using strcpy_s instead. To disable deprecation, use _CRT_SECURE_NO_WARNINGS. See online help for details.
D:\UOU\3-2\네트워크소프트웨어개발\프로젝트\network-programming\PrjServer\PrjServer.cpp(943,2): warning C4996: 'vsprintf': This function or variable may be unsafe. Consider using vsprintf_s instead. To disable deprecation, use _CRT_SECURE_NO_WARNINGS. See online help for details.
D:\UOU\3-2\네트워크소프트웨어개발\프로젝트\network-programming\PrjServer\PrjServer.cpp(1045,2): warning C4996: 'WSAAddressToStringA': Use WSAAddressToStringW() instead or define _WINSOCK_DEPRECATED_NO_WARNINGS to disable deprecated API warnings
D:\UOU\3-2\네트워크소프트웨어개발\프로젝트\network-programming\PrjServer\PrjServer.cpp(1046,2): warning C4996: 'WSAAddressToStringA': Use WSAAddressToStringW() instead or define _WINSOCK_DEPRECATED_NO_WARNINGS to disable deprecated API warnings
D:\UOU\3-2\네트워크소프트웨어개발\프로젝트\network-programming\PrjServer\PrjServer.cpp(1053,2): warning C4996: 'WSAAddressToStringA': Use WSAAddressToStringW() instead or define _WINSOCK_DEPRECATED_NO_WARNINGS to disable deprecated API warnings
D:\UOU\3-2\네트워크소프트웨어개발\프로젝트\network-programming\PrjServer\PrjServer.cpp(1054,2): warning C4996: 'WSAAddressToStringA': Use WSAAddressToStringW() instead or define _WINSOCK_DEPRECATED_NO_WARNINGS to disable deprecated API warnings
  PrjClient.vcxproj -> D:\UOU\3-2\네트워크소프트웨어개발\프로젝트\network-programming\PrjServer\Debug\PrjServer.exe
