  PrjClient.cpp
D:\UOU\3-2\네트워크소프트웨어개발\프로젝트\network-programming\PrjClient\PrjClient.cpp(192,55): warning C4996: 'itoa': The POSIX name for this item is deprecated. Instead, use the ISO C and C++ conformant name: _itoa. See online help for details.
D:\UOU\3-2\네트워크소프트웨어개발\프로젝트\network-programming\PrjClient\PrjClient.cpp(298,4): warning C4996: 'strcpy': This function or variable may be unsafe. Consider using strcpy_s instead. To disable deprecation, use _CRT_SECURE_NO_WARNINGS. See online help for details.
D:\UOU\3-2\네트워크소프트웨어개발\프로젝트\network-programming\PrjClient\PrjClient.cpp(304,15): warning C4996: 'fopen': This function or variable may be unsafe. Consider using fopen_s instead. To disable deprecation, use _CRT_SECURE_NO_WARNINGS. See online help for details.
D:\UOU\3-2\네트워크소프트웨어개발\프로젝트\network-programming\PrjClient\PrjClient.cpp(387,4): warning C4996: 'strncpy': This function or variable may be unsafe. Consider using strncpy_s instead. To disable deprecation, use _CRT_SECURE_NO_WARNINGS. See online help for details.
D:\UOU\3-2\네트워크소프트웨어개발\프로젝트\network-programming\PrjClient\PrjClient.cpp(438,32): warning C4996: 'inet_addr': Use inet_pton() or InetPton() instead or define _WINSOCK_DEPRECATED_NO_WARNINGS to disable deprecated API warnings
D:\UOU\3-2\네트워크소프트웨어개발\프로젝트\network-programming\PrjClient\PrjClient.cpp(460,3): warning C4996: 'WSAStringToAddressA': Use WSAStringToAddressW() instead or define _WINSOCK_DEPRECATED_NO_WARNINGS to disable deprecated API warnings
D:\UOU\3-2\네트워크소프트웨어개발\프로젝트\network-programming\PrjClient\PrjClient.cpp(582,15): warning C4996: 'fopen': This function or variable may be unsafe. Consider using fopen_s instead. To disable deprecation, use _CRT_SECURE_NO_WARNINGS. See online help for details.
D:\UOU\3-2\네트워크소프트웨어개발\프로젝트\network-programming\PrjClient\PrjClient.cpp(597,5): warning C4996: 'strcat': This function or variable may be unsafe. Consider using strcat_s instead. To disable deprecation, use _CRT_SECURE_NO_WARNINGS. See online help for details.
D:\UOU\3-2\네트워크소프트웨어개발\프로젝트\network-programming\PrjClient\PrjClient.cpp(598,12): warning C4996: 'strcat': This function or variable may be unsafe. Consider using strcat_s instead. To disable deprecation, use _CRT_SECURE_NO_WARNINGS. See online help for details.
D:\UOU\3-2\네트워크소프트웨어개발\프로젝트\network-programming\PrjClient\PrjClient.cpp(601,12): warning C4996: 'strcat': This function or variable may be unsafe. Consider using strcat_s instead. To disable deprecation, use _CRT_SECURE_NO_WARNINGS. See online help for details.
D:\UOU\3-2\네트워크소프트웨어개발\프로젝트\network-programming\PrjClient\PrjClient.cpp(604,5): warning C4996: 'strcat': This function or variable may be unsafe. Consider using strcat_s instead. To disable deprecation, use _CRT_SECURE_NO_WARNINGS. See online help for details.
D:\UOU\3-2\네트워크소프트웨어개발\프로젝트\network-programming\PrjClient\PrjClient.cpp(605,12): warning C4996: 'strcat': This function or variable may be unsafe. Consider using strcat_s instead. To disable deprecation, use _CRT_SECURE_NO_WARNINGS. See online help for details.
D:\UOU\3-2\네트워크소프트웨어개발\프로젝트\network-programming\PrjClient\PrjClient.cpp(610,4): warning C4996: 'strcpy': This function or variable may be unsafe. Consider using strcpy_s instead. To disable deprecation, use _CRT_SECURE_NO_WARNINGS. See online help for details.
D:\UOU\3-2\네트워크소프트웨어개발\프로젝트\network-programming\PrjClient\PrjClient.cpp(760,73): warning C4244: '=': 'double'에서 'int'(으)로 변환하면서 데이터가 손실될 수 있습니다.
D:\UOU\3-2\네트워크소프트웨어개발\프로젝트\network-programming\PrjClient\PrjClient.cpp(769,78): warning C4244: '=': 'double'에서 'int'(으)로 변환하면서 데이터가 손실될 수 있습니다.
D:\UOU\3-2\네트워크소프트웨어개발\프로젝트\network-programming\PrjClient\PrjClient.cpp(798,77): warning C4244: '=': 'double'에서 'int'(으)로 변환하면서 데이터가 손실될 수 있습니다.
D:\UOU\3-2\네트워크소프트웨어개발\프로젝트\network-programming\PrjClient\PrjClient.cpp(807,78): warning C4244: '=': 'double'에서 'int'(으)로 변환하면서 데이터가 손실될 수 있습니다.
D:\UOU\3-2\네트워크소프트웨어개발\프로젝트\network-programming\PrjClient\PrjClient.cpp(852,2): warning C4996: 'vsprintf': This function or variable may be unsafe. Consider using vsprintf_s instead. To disable deprecation, use _CRT_SECURE_NO_WARNINGS. See online help for details.
D:\UOU\3-2\네트워크소프트웨어개발\프로젝트\network-programming\PrjClient\PrjClient.cpp(909,15): warning C4996: 'fopen': This function or variable may be unsafe. Consider using fopen_s instead. To disable deprecation, use _CRT_SECURE_NO_WARNINGS. See online help for details.
  PrjClient.vcxproj -> D:\UOU\3-2\네트워크소프트웨어개발\프로젝트\network-programming\PrjClient\Debug\PrjClient.exe
